<?xml version="1.0" encoding="UTF-8"?>
<!-- Generated by org.testng.reporters.JUnitXMLReporter -->
<testsuite ignored="1" hostname="DESKTOP-IT12701" failures="0" tests="5" name="Car Loan" time="0.158" errors="0" timestamp="2023-09-30T11:17:41 IST">
  <testcase classname="test.Day3" name="LoginAPICarLoan" time="0.013"/>
  <testcase classname="test.Day3" name="MobileLogoutCarLoan" time="0.007"/>
  <testcase classname="test.Day3" name="MobileSigninCarLoan" time="0.004"/>
  <testcase classname="test.Day3" name="MobileSignoutCarLoan" time="0.008"/>
  <testcase classname="test.Day3" name="WebLoginCarLoan" time="0.006"/>
  <testcase classname="test.Day3" name="MobileLoginCarLoan" time="0.0">
    <ignored/>
  </testcase> <!-- MobileLoginCarLoan -->
</testsuite> <!-- Car Loan -->
