<?xml version="1.0" encoding="UTF-8"?>
<!-- Generated by org.testng.reporters.JUnitXMLReporter -->
<testsuite ignored="0" hostname="DESKTOP-IT12701" failures="1" tests="3" name="Personal Loan" time="0.173" errors="0" timestamp="2023-09-30T11:17:41 IST">
  <testcase classname="test.Day1" name="Demo" time="0.014"/>
  <testcase classname="test.Day1" name="SecondTest" time="0.003"/>
  <testcase classname="test.Day2" name="ploan" time="0.046">
    <failure type="java.lang.AssertionError" message="expected [true] but found [false]">
      <![CDATA[java.lang.AssertionError: expected [true] but found [false]
at test.Day2.ploan(Day2.java:11)
at java.base/java.util.ArrayList.forEach(ArrayList.java:1511)
at java.base/java.util.concurrent.FutureTask.run(FutureTask.java:264)
at java.base/java.util.concurrent.ThreadPoolExecutor.runWorker(ThreadPoolExecutor.java:1136)
at java.base/java.util.concurrent.ThreadPoolExecutor$Worker.run(ThreadPoolExecutor.java:635)
at java.base/java.lang.Thread.run(Thread.java:833)
... Removed 21 stack frames]]>
    </failure>
  </testcase> <!-- ploan -->
</testsuite> <!-- Personal Loan -->
